<?xml version="1.0" encoding="UTF-8"?>
<testng-results skipped="0" failed="1" total="1" passed="0">
  <reporter-output>
  </reporter-output>
  <suite name="Default suite" duration-ms="21423" started-at="2018-05-26T16:51:48Z" finished-at="2018-05-26T16:52:09Z">
    <groups>
    </groups>
    <test name="Default test" duration-ms="21423" started-at="2018-05-26T16:51:48Z" finished-at="2018-05-26T16:52:09Z">
      <class name="frameworkdata.AddItemsToCart">
        <test-method status="PASS" signature="driverinitialize()[pri:0, instance:frameworkdata.AddItemsToCart@45099dd3]" name="driverinitialize" is-config="true" duration-ms="20783" started-at="2018-05-26T22:21:48Z" finished-at="2018-05-26T22:22:09Z">
          <reporter-output>
          </reporter-output>
        </test-method> <!-- driverinitialize -->
        <test-method status="FAIL" signature="cartItems()[pri:0, instance:frameworkdata.AddItemsToCart@45099dd3]" name="cartItems" duration-ms="24" started-at="2018-05-26T22:22:09Z" finished-at="2018-05-26T22:22:09Z">
          <exception class="java.lang.NullPointerException">
            <full-stacktrace>
              <![CDATA[java.lang.NullPointerException
	at com.google.common.base.Preconditions.checkNotNull(Preconditions.java:782)
	at org.openqa.selenium.interactions.Actions.<init>(Actions.java:68)
	at frameworkdata.AddItemsToCart.cartItems(AddItemsToCart.java:60)
	at sun.reflect.NativeMethodAccessorImpl.invoke0(Native Method)
	at sun.reflect.NativeMethodAccessorImpl.invoke(Unknown Source)
	at sun.reflect.DelegatingMethodAccessorImpl.invoke(Unknown Source)
	at java.lang.reflect.Method.invoke(Unknown Source)
	at org.testng.internal.MethodInvocationHelper.invokeMethod(MethodInvocationHelper.java:80)
	at org.testng.internal.Invoker.invokeMethod(Invoker.java:714)
	at org.testng.internal.Invoker.invokeTestMethod(Invoker.java:901)
	at org.testng.internal.Invoker.invokeTestMethods(Invoker.java:1231)
	at org.testng.internal.TestMethodWorker.invokeTestMethods(TestMethodWorker.java:127)
	at org.testng.internal.TestMethodWorker.run(TestMethodWorker.java:111)
	at org.testng.TestRunner.privateRun(TestRunner.java:767)
	at org.testng.TestRunner.run(TestRunner.java:617)
	at org.testng.SuiteRunner.runTest(SuiteRunner.java:334)
	at org.testng.SuiteRunner.runSequentially(SuiteRunner.java:329)
	at org.testng.SuiteRunner.privateRun(SuiteRunner.java:291)
	at org.testng.SuiteRunner.run(SuiteRunner.java:240)
	at org.testng.SuiteRunnerWorker.runSuite(SuiteRunnerWorker.java:52)
	at org.testng.SuiteRunnerWorker.run(SuiteRunnerWorker.java:86)
	at org.testng.TestNG.runSuitesSequentially(TestNG.java:1198)
	at org.testng.TestNG.runSuitesLocally(TestNG.java:1123)
	at org.testng.TestNG.run(TestNG.java:1031)
	at org.testng.remote.AbstractRemoteTestNG.run(AbstractRemoteTestNG.java:114)
	at org.testng.remote.RemoteTestNG.initAndRun(RemoteTestNG.java:251)
	at org.testng.remote.RemoteTestNG.main(RemoteTestNG.java:77)
]]>
            </full-stacktrace>
          </exception> <!-- java.lang.NullPointerException -->
          <reporter-output>
          </reporter-output>
        </test-method> <!-- cartItems -->
        <test-method status="PASS" signature="closeBrowser()[pri:0, instance:frameworkdata.AddItemsToCart@45099dd3]" name="closeBrowser" is-config="true" duration-ms="586" started-at="2018-05-26T22:22:09Z" finished-at="2018-05-26T22:22:09Z">
          <reporter-output>
          </reporter-output>
        </test-method> <!-- closeBrowser -->
      </class> <!-- frameworkdata.AddItemsToCart -->
    </test> <!-- Default test -->
  </suite> <!-- Default suite -->
</testng-results>
